###############################################################
#  Generated by:      Cadence Innovus 20.11-s130_1
#  OS:                Linux x86_64(Host ID saka)
#  Generated on:      Fri Jan  9 21:02:29 2026
#  Design:            MAC_TOP
#  Command:           verify_drc
###############################################################
#set_verify_drc_mode -area {0 0 0 0} -check_ndr_spacing auto -check_only default -check_same_via_cell false -disable_rules "" -exclude_pg_net false -ignore_cell_blockage false -ignore_trial_route false -limit 1000 -report MAC_TOP.drc.rpt -use_min_spacing_on_block_obs auto

SHORT: ( Metal Short ) Regular Wire of Net number_1_pad[13] & Blockage of Cell io_pads/num1_bit13  ( M3 )
Bounds : ( 905.290, 1226.750 ) ( 906.290, 1226.850 )


SHORT: ( Metal Short ) Regular Wire of Net number_1_pad[14] & Blockage of Cell io_pads/num1_bit14  ( M3 )
Bounds : ( 957.645, 1226.150 ) ( 958.645, 1226.250 )


SHORT: ( Metal Short ) Regular Wire of Net number_1_pad[15] & Blockage of Cell io_pads/num1_bit15  ( M3 )
Bounds : ( 1010.000, 1225.750 ) ( 1011.000, 1225.850 )


SHORT: ( Metal Short ) Regular Wire of Net number_1_pad[9] & Blockage of Cell io_pads/num1_bit9  ( M3 )
Bounds : ( 744.875, 1226.150 ) ( 745.875, 1226.250 )


SHORT: ( Metal Short ) Regular Wire of Net number_1_pad[10] & Blockage of Cell io_pads/num1_bit10  ( M7 )
Bounds : ( 748.225, 1226.950 ) ( 749.225, 1227.050 )


SHORT: ( Metal Short ) Regular Wire of Net number_1_pad[11] & Blockage of Cell io_pads/num1_bit11  ( M5 )
Bounds : ( 849.580, 1226.150 ) ( 850.580, 1226.250 )


SHORT: ( Metal Short ) Regular Wire of Net number_1_pad[12] & Blockage of Cell io_pads/num1_bit12  ( M5 )
Bounds : ( 852.935, 1227.350 ) ( 853.935, 1227.450 )


SHORT: ( Metal Short ) Regular Wire of Net number_1_pad[8] & Blockage of Cell io_pads/num1_bit8  ( M3 )
Bounds : ( 643.525, 1226.550 ) ( 644.525, 1226.650 )


SHORT: ( Metal Short ) Regular Wire of Net number_1_pad[7] & Blockage of Cell io_pads/num1_bit7  ( M5 )
Bounds : ( 640.175, 1226.150 ) ( 641.175, 1226.250 )


SHORT: ( Metal Short ) Regular Wire of Net number_1_pad[5] & Blockage of Cell io_pads/num1_bit5  ( M6 )
Bounds : ( 486.475, 1225.750 ) ( 487.475, 1225.850 )


SHORT: ( Metal Short ) Regular Wire of Net number_1_pad[6] & Blockage of Cell io_pads/num1_bit6  ( M3 )
Bounds : ( 538.825, 1227.550 ) ( 539.825, 1227.650 )


SHORT: ( Metal Short ) Regular Wire of Net number_1_pad[2] & Blockage of Cell io_pads/num1_bit2  ( M3 )
Bounds : ( 329.420, 1226.150 ) ( 330.420, 1226.250 )


SHORT: ( Metal Short ) Regular Wire of Net number_1_pad[3] & Blockage of Cell io_pads/num1_bit3  ( M3 )
Bounds : ( 381.775, 1227.350 ) ( 382.775, 1227.450 )


SHORT: ( Metal Short ) Regular Wire of Net number_1_pad[4] & Blockage of Cell io_pads/num1_bit4  ( M3 )
Bounds : ( 434.125, 1225.750 ) ( 435.125, 1225.850 )


SHORT: ( Metal Short ) Regular Wire of Net number_1_pad[1] & Blockage of Cell io_pads/num1_bit1  ( M3 )
Bounds : ( 277.065, 1226.150 ) ( 278.065, 1226.250 )


SHORT: ( Metal Short ) Regular Wire of Net number_1_pad[0] & Blockage of Cell io_pads/num1_bit0  ( M5 )
Bounds : ( 273.710, 1226.150 ) ( 274.710, 1226.250 )


  Total Violations : 16 Viols.
